0 info it worked if it ends with ok
1 verbose cli [ '/usr/local/bin/node',
1 verbose cli   '/usr/local/bin/npm',
1 verbose cli   'start',
1 verbose cli   'parser.js' ]
2 info using npm@3.6.0
3 info using node@v5.7.0
4 verbose run-script [ 'prestart', 'start', 'poststart' ]
5 info lifecycle parser@1.0.0~prestart: parser@1.0.0
6 silly lifecycle parser@1.0.0~prestart: no script for prestart, continuing
7 info lifecycle parser@1.0.0~start: parser@1.0.0
8 verbose lifecycle parser@1.0.0~start: unsafe-perm in lifecycle true
9 verbose lifecycle parser@1.0.0~start: PATH: /usr/local/lib/node_modules/npm/bin/node-gyp-bin:/Users/khoa/XcodeProject3/Smile/Script/node_modules/.bin:/Users/khoa/.swiftenv/shims:/Users/khoa/.swiftenv/shims:/Users/khoa/.swiftenv/shims:/Users/khoa/.rbenv/shims:/usr/local/bin:/usr/bin:/bin:/usr/sbin:/sbin
10 verbose lifecycle parser@1.0.0~start: CWD: /Users/khoa/XcodeProject3/Smile/Script
11 silly lifecycle parser@1.0.0~start: Args: [ '-c', 'node parser.js "parser.js"' ]
12 silly lifecycle parser@1.0.0~start: Returned: code: 1  signal: null
13 info lifecycle parser@1.0.0~start: Failed to exec start script
14 verbose stack Error: parser@1.0.0 start: `node parser.js "parser.js"`
14 verbose stack Exit status 1
14 verbose stack     at EventEmitter.<anonymous> (/usr/local/lib/node_modules/npm/lib/utils/lifecycle.js:232:16)
14 verbose stack     at emitTwo (events.js:100:13)
14 verbose stack     at EventEmitter.emit (events.js:185:7)
14 verbose stack     at ChildProcess.<anonymous> (/usr/local/lib/node_modules/npm/lib/utils/spawn.js:24:14)
14 verbose stack     at emitTwo (events.js:100:13)
14 verbose stack     at ChildProcess.emit (events.js:185:7)
14 verbose stack     at maybeClose (internal/child_process.js:827:16)
14 verbose stack     at Process.ChildProcess._handle.onexit (internal/child_process.js:211:5)
15 verbose pkgid parser@1.0.0
16 verbose cwd /Users/khoa/XcodeProject3/Smile/Script
17 error Darwin 15.5.0
18 error argv "/usr/local/bin/node" "/usr/local/bin/npm" "start" "parser.js"
19 error node v5.7.0
20 error npm  v3.6.0
21 error code ELIFECYCLE
22 error parser@1.0.0 start: `node parser.js "parser.js"`
22 error Exit status 1
23 error Failed at the parser@1.0.0 start script 'node parser.js "parser.js"'.
23 error Make sure you have the latest version of node.js and npm installed.
23 error If you do, this is most likely a problem with the parser package,
23 error not with npm itself.
23 error Tell the author that this fails on your system:
23 error     node parser.js "parser.js"
23 error You can get information on how to open an issue for this project with:
23 error     npm bugs parser
23 error Or if that isn't available, you can get their info via:
23 error     npm owner ls parser
23 error There is likely additional logging output above.
24 verbose exit [ 1, true ]
